-------------------------------------------------------------------------------
Test set: pe.com.citasvet.test.TutorDaoTest
-------------------------------------------------------------------------------
Tests run: 8, Failures: 0, Errors: 8, Skipped: 0, Time elapsed: 0.073 s <<< FAILURE! -- in pe.com.citasvet.test.TutorDaoTest
pe.com.citasvet.test.TutorDaoTest.debeInsertar -- Time elapsed: 0.024 s <<< ERROR!
java.lang.NumberFormatException: For input string: "<AQUI EL PUERTO A USAR: 3306>"
	at java.base/java.lang.NumberFormatException.forInputString(NumberFormatException.java:67)
	at java.base/java.lang.Integer.parseInt(Integer.java:564)
	at java.base/java.lang.Integer.parseInt(Integer.java:661)
	at pe.com.citasvet.config.DBManager.cargarProperties(DBManager.java:57)
	at pe.com.citasvet.config.DBManager.<init>(DBManager.java:20)
	at pe.com.citasvet.config.DBManager.createInstance(DBManager.java:31)
	at pe.com.citasvet.config.DBManager.getInstance(DBManager.java:25)
	at pe.com.citasvet.daobase.DAOImplBase.abrirConexion(DAOImplBase.java:44)
	at pe.com.citasvet.daobase.DAOImplBase.iniciarTransaccion(DAOImplBase.java:61)
	at pe.com.citasvet.daobase.DAOImplBase.ejecuta_DML(DAOImplBase.java:105)
	at pe.com.citasvet.daobase.DAOImplBase.insertar(DAOImplBase.java:90)
	at pe.com.citasvet.daoimpl.TutorDAOImpl.insertar(TutorDAOImpl.java:40)
	at pe.com.citasvet.daoimpl.TutorDAOImpl.insertar(TutorDAOImpl.java:17)
	at pe.com.citasvet.test.TutorDaoTest.debeInsertar(TutorDaoTest.java:37)
	at java.base/java.lang.reflect.Method.invoke(Method.java:565)
	at java.base/java.util.ArrayList.forEach(ArrayList.java:1604)
	at java.base/java.util.ArrayList.forEach(ArrayList.java:1604)

pe.com.citasvet.test.TutorDaoTest.debeModificarSiIdExiste -- Time elapsed: 0.002 s <<< ERROR!
java.lang.NumberFormatException: For input string: "<AQUI EL PUERTO A USAR: 3306>"
	at java.base/java.lang.NumberFormatException.forInputString(NumberFormatException.java:67)
	at java.base/java.lang.Integer.parseInt(Integer.java:564)
	at java.base/java.lang.Integer.parseInt(Integer.java:661)
	at pe.com.citasvet.config.DBManager.cargarProperties(DBManager.java:57)
	at pe.com.citasvet.config.DBManager.<init>(DBManager.java:20)
	at pe.com.citasvet.config.DBManager.createInstance(DBManager.java:31)
	at pe.com.citasvet.config.DBManager.getInstance(DBManager.java:25)
	at pe.com.citasvet.daobase.DAOImplBase.abrirConexion(DAOImplBase.java:44)
	at pe.com.citasvet.daobase.DAOImplBase.iniciarTransaccion(DAOImplBase.java:61)
	at pe.com.citasvet.daobase.DAOImplBase.ejecuta_DML(DAOImplBase.java:105)
	at pe.com.citasvet.daobase.DAOImplBase.modificar(DAOImplBase.java:94)
	at pe.com.citasvet.daoimpl.TutorDAOImpl.modificar(TutorDAOImpl.java:56)
	at pe.com.citasvet.daoimpl.TutorDAOImpl.modificar(TutorDAOImpl.java:17)
	at pe.com.citasvet.test.TutorDaoTest.debeModificarSiIdExiste(TutorDaoTest.java:53)
	at java.base/java.lang.reflect.Method.invoke(Method.java:565)
	at java.base/java.util.ArrayList.forEach(ArrayList.java:1604)
	at java.base/java.util.ArrayList.forEach(ArrayList.java:1604)

pe.com.citasvet.test.TutorDaoTest.noDebeModificarSiIdNoExiste -- Time elapsed: 0.004 s <<< ERROR!
java.lang.NumberFormatException: For input string: "<AQUI EL PUERTO A USAR: 3306>"
	at java.base/java.lang.NumberFormatException.forInputString(NumberFormatException.java:67)
	at java.base/java.lang.Integer.parseInt(Integer.java:564)
	at java.base/java.lang.Integer.parseInt(Integer.java:661)
	at pe.com.citasvet.config.DBManager.cargarProperties(DBManager.java:57)
	at pe.com.citasvet.config.DBManager.<init>(DBManager.java:20)
	at pe.com.citasvet.config.DBManager.createInstance(DBManager.java:31)
	at pe.com.citasvet.config.DBManager.getInstance(DBManager.java:25)
	at pe.com.citasvet.daobase.DAOImplBase.abrirConexion(DAOImplBase.java:44)
	at pe.com.citasvet.daobase.DAOImplBase.iniciarTransaccion(DAOImplBase.java:61)
	at pe.com.citasvet.daobase.DAOImplBase.ejecuta_DML(DAOImplBase.java:105)
	at pe.com.citasvet.daobase.DAOImplBase.modificar(DAOImplBase.java:94)
	at pe.com.citasvet.daoimpl.TutorDAOImpl.modificar(TutorDAOImpl.java:56)
	at pe.com.citasvet.daoimpl.TutorDAOImpl.modificar(TutorDAOImpl.java:17)
	at pe.com.citasvet.test.TutorDaoTest.noDebeModificarSiIdNoExiste(TutorDaoTest.java:74)
	at java.base/java.lang.reflect.Method.invoke(Method.java:565)
	at java.base/java.util.ArrayList.forEach(ArrayList.java:1604)
	at java.base/java.util.ArrayList.forEach(ArrayList.java:1604)

pe.com.citasvet.test.TutorDaoTest.noDebeEliminarSiIdNoExiste -- Time elapsed: 0.002 s <<< ERROR!
java.lang.NumberFormatException: For input string: "<AQUI EL PUERTO A USAR: 3306>"
	at java.base/java.lang.NumberFormatException.forInputString(NumberFormatException.java:67)
	at java.base/java.lang.Integer.parseInt(Integer.java:564)
	at java.base/java.lang.Integer.parseInt(Integer.java:661)
	at pe.com.citasvet.config.DBManager.cargarProperties(DBManager.java:57)
	at pe.com.citasvet.config.DBManager.<init>(DBManager.java:20)
	at pe.com.citasvet.config.DBManager.createInstance(DBManager.java:31)
	at pe.com.citasvet.config.DBManager.getInstance(DBManager.java:25)
	at pe.com.citasvet.daobase.DAOImplBase.abrirConexion(DAOImplBase.java:44)
	at pe.com.citasvet.daobase.DAOImplBase.iniciarTransaccion(DAOImplBase.java:61)
	at pe.com.citasvet.daobase.DAOImplBase.ejecuta_DML(DAOImplBase.java:105)
	at pe.com.citasvet.daobase.DAOImplBase.eliminar(DAOImplBase.java:98)
	at pe.com.citasvet.daoimpl.TutorDAOImpl.eliminar(TutorDAOImpl.java:73)
	at pe.com.citasvet.test.TutorDaoTest.noDebeEliminarSiIdNoExiste(TutorDaoTest.java:83)
	at java.base/java.lang.reflect.Method.invoke(Method.java:565)
	at java.base/java.util.ArrayList.forEach(ArrayList.java:1604)
	at java.base/java.util.ArrayList.forEach(ArrayList.java:1604)

pe.com.citasvet.test.TutorDaoTest.debeEncontrarSiIdExiste -- Time elapsed: 0.002 s <<< ERROR!
java.lang.NumberFormatException: For input string: "<AQUI EL PUERTO A USAR: 3306>"
	at java.base/java.lang.NumberFormatException.forInputString(NumberFormatException.java:67)
	at java.base/java.lang.Integer.parseInt(Integer.java:564)
	at java.base/java.lang.Integer.parseInt(Integer.java:661)
	at pe.com.citasvet.config.DBManager.cargarProperties(DBManager.java:57)
	at pe.com.citasvet.config.DBManager.<init>(DBManager.java:20)
	at pe.com.citasvet.config.DBManager.createInstance(DBManager.java:31)
	at pe.com.citasvet.config.DBManager.getInstance(DBManager.java:25)
	at pe.com.citasvet.daobase.DAOImplBase.abrirConexion(DAOImplBase.java:44)
	at pe.com.citasvet.daobase.DAOImplBase.obtenerPorId(DAOImplBase.java:293)
	at pe.com.citasvet.daoimpl.TutorDAOImpl.buscar(TutorDAOImpl.java:86)
	at pe.com.citasvet.daoimpl.TutorDAOImpl.buscar(TutorDAOImpl.java:17)
	at pe.com.citasvet.test.TutorDaoTest.debeEncontrarSiIdExiste(TutorDaoTest.java:94)
	at java.base/java.lang.reflect.Method.invoke(Method.java:565)
	at java.base/java.util.ArrayList.forEach(ArrayList.java:1604)
	at java.base/java.util.ArrayList.forEach(ArrayList.java:1604)

pe.com.citasvet.test.TutorDaoTest.noDebeEncontrarSiIdNoExiste -- Time elapsed: 0.003 s <<< ERROR!
java.lang.NumberFormatException: For input string: "<AQUI EL PUERTO A USAR: 3306>"
	at java.base/java.lang.NumberFormatException.forInputString(NumberFormatException.java:67)
	at java.base/java.lang.Integer.parseInt(Integer.java:564)
	at java.base/java.lang.Integer.parseInt(Integer.java:661)
	at pe.com.citasvet.config.DBManager.cargarProperties(DBManager.java:57)
	at pe.com.citasvet.config.DBManager.<init>(DBManager.java:20)
	at pe.com.citasvet.config.DBManager.createInstance(DBManager.java:31)
	at pe.com.citasvet.config.DBManager.getInstance(DBManager.java:25)
	at pe.com.citasvet.daobase.DAOImplBase.abrirConexion(DAOImplBase.java:44)
	at pe.com.citasvet.daobase.DAOImplBase.obtenerPorId(DAOImplBase.java:293)
	at pe.com.citasvet.daoimpl.TutorDAOImpl.buscar(TutorDAOImpl.java:86)
	at pe.com.citasvet.daoimpl.TutorDAOImpl.buscar(TutorDAOImpl.java:17)
	at pe.com.citasvet.test.TutorDaoTest.noDebeEncontrarSiIdNoExiste(TutorDaoTest.java:103)
	at java.base/java.lang.reflect.Method.invoke(Method.java:565)
	at java.base/java.util.ArrayList.forEach(ArrayList.java:1604)
	at java.base/java.util.ArrayList.forEach(ArrayList.java:1604)

pe.com.citasvet.test.TutorDaoTest.debeListar -- Time elapsed: 0.001 s <<< ERROR!
java.lang.NumberFormatException: For input string: "<AQUI EL PUERTO A USAR: 3306>"
	at java.base/java.lang.NumberFormatException.forInputString(NumberFormatException.java:67)
	at java.base/java.lang.Integer.parseInt(Integer.java:564)
	at java.base/java.lang.Integer.parseInt(Integer.java:661)
	at pe.com.citasvet.config.DBManager.cargarProperties(DBManager.java:57)
	at pe.com.citasvet.config.DBManager.<init>(DBManager.java:20)
	at pe.com.citasvet.config.DBManager.createInstance(DBManager.java:31)
	at pe.com.citasvet.config.DBManager.getInstance(DBManager.java:25)
	at pe.com.citasvet.daobase.DAOImplBase.abrirConexion(DAOImplBase.java:44)
	at pe.com.citasvet.daobase.DAOImplBase.listarTodos(DAOImplBase.java:320)
	at pe.com.citasvet.daoimpl.TutorDAOImpl.listar(TutorDAOImpl.java:117)
	at pe.com.citasvet.test.TutorDaoTest.debeListar(TutorDaoTest.java:112)
	at java.base/java.lang.reflect.Method.invoke(Method.java:565)
	at java.base/java.util.ArrayList.forEach(ArrayList.java:1604)
	at java.base/java.util.ArrayList.forEach(ArrayList.java:1604)

pe.com.citasvet.test.TutorDaoTest.debeEliminarSiIdExiste -- Time elapsed: 0.001 s <<< ERROR!
java.lang.NumberFormatException: For input string: "<AQUI EL PUERTO A USAR: 3306>"
	at java.base/java.lang.NumberFormatException.forInputString(NumberFormatException.java:67)
	at java.base/java.lang.Integer.parseInt(Integer.java:564)
	at java.base/java.lang.Integer.parseInt(Integer.java:661)
	at pe.com.citasvet.config.DBManager.cargarProperties(DBManager.java:57)
	at pe.com.citasvet.config.DBManager.<init>(DBManager.java:20)
	at pe.com.citasvet.config.DBManager.createInstance(DBManager.java:31)
	at pe.com.citasvet.config.DBManager.getInstance(DBManager.java:25)
	at pe.com.citasvet.daobase.DAOImplBase.abrirConexion(DAOImplBase.java:44)
	at pe.com.citasvet.daobase.DAOImplBase.iniciarTransaccion(DAOImplBase.java:61)
	at pe.com.citasvet.daobase.DAOImplBase.ejecuta_DML(DAOImplBase.java:105)
	at pe.com.citasvet.daobase.DAOImplBase.eliminar(DAOImplBase.java:98)
	at pe.com.citasvet.daoimpl.TutorDAOImpl.eliminar(TutorDAOImpl.java:73)
	at pe.com.citasvet.test.TutorDaoTest.debeEliminarSiIdExiste(TutorDaoTest.java:123)
	at java.base/java.lang.reflect.Method.invoke(Method.java:565)
	at java.base/java.util.ArrayList.forEach(ArrayList.java:1604)
	at java.base/java.util.ArrayList.forEach(ArrayList.java:1604)

